\BOOKMARK [1][-]{pre:coverpage.1}{COVER PAGE}{}% 1
\BOOKMARK [1][-]{pre:declareform.1}{PSZ FORM}{}% 2
\BOOKMARK [1][-]{pre:svdeclaration.1}{SUPERVISOR\(S\) DECLARATION}{}% 3
\BOOKMARK [1][-]{pre:cooperationdeclaration.1}{COOPERATION DECLARATION}{}% 4
\BOOKMARK [1][-]{pre:titlepage.1}{TITLE PAGE}{}% 5
\BOOKMARK [0][-]{section*.7}{ DECLARATION}{}% 6
\BOOKMARK [0][-]{section*.9}{ DEDICATION}{}% 7
\BOOKMARK [0][-]{section*.11}{ ACKNOWLEDGEMENT}{}% 8
\BOOKMARK [0][-]{section*.13}{ ABSTRACT}{}% 9
\BOOKMARK [0][-]{section*.15}{ ABSTRAK}{}% 10
\BOOKMARK [0][-]{section*.17}{ TABLE OF CONTENTS}{}% 11
\BOOKMARK [0][-]{section*.19}{ LIST OF TABLES}{}% 12
\BOOKMARK [0][-]{section*.21}{ LIST OF FIGURES}{}% 13
\BOOKMARK [0][-]{section*.23}{ LIST OF ABBREVIATIONS}{}% 14
\BOOKMARK [0][-]{section*.25}{ LIST OF SYMBOLS}{}% 15
\BOOKMARK [0][-]{section*.27}{ LIST OF APPENDICES}{}% 16
\BOOKMARK [0][-]{chapter.1}{Introduction}{}% 17
\BOOKMARK [1][-]{section.1.1}{Background}{chapter.1}% 18
\BOOKMARK [1][-]{section.1.2}{Problem Statement}{chapter.1}% 19
\BOOKMARK [1][-]{section.1.3}{Research Objectives}{chapter.1}% 20
\BOOKMARK [1][-]{section.1.4}{Research Scope }{chapter.1}% 21
\BOOKMARK [1][-]{section.1.5}{Significance of Study}{chapter.1}% 22
\BOOKMARK [0][-]{chapter.2}{Literature Review}{}% 23
\BOOKMARK [0][-]{chapter.3}{Methodology}{}% 24
\BOOKMARK [1][-]{section.3.1}{Introduction}{chapter.3}% 25
\BOOKMARK [1][-]{section.3.2}{Problem Formulation}{chapter.3}% 26
\BOOKMARK [0][-]{chapter.4}{Results and Discussion}{}% 27
\BOOKMARK [0][-]{chapter.5}{Conclusion}{}% 28
\BOOKMARK [1][-]{section.5.1}{Research Outcomes}{chapter.5}% 29
\BOOKMARK [1][-]{section.5.2}{Contributions to Knowledge}{chapter.5}% 30
\BOOKMARK [1][-]{section.5.3}{Future Works}{chapter.5}% 31
\BOOKMARK [0][-]{section*.29}{LIST OF PUBLICATIONS}{}% 32
